<?xml version="1.0" encoding="UTF-8"?>
<testng-results ignored="0" total="1" passed="1" failed="0" skipped="0">
  <reporter-output>
  </reporter-output>
  <suite started-at="2023-09-11T13:38:58 IST" name="Default suite" finished-at="2023-09-11T13:39:01 IST" duration-ms="3042">
    <groups>
    </groups>
    <test started-at="2023-09-11T13:38:58 IST" name="Default test" finished-at="2023-09-11T13:39:01 IST" duration-ms="3042">
      <class name="com.app.FirstGetClass">
        <test-method signature="getTest()[pri:0, instance:com.app.FirstGetClass@d5b810e]" started-at="2023-09-11T13:38:58 IST" name="getTest" finished-at="2023-09-11T13:39:01 IST" duration-ms="2972" status="PASS">
          <reporter-output>
          </reporter-output>
        </test-method> <!-- getTest -->
      </class> <!-- com.app.FirstGetClass -->
    </test> <!-- Default test -->
  </suite> <!-- Default suite -->
</testng-results>
